[2026-03-31T13:16:56.058Z] GET /api/notes
[2026-03-31T13:17:03.575Z] GET /api/me
[2026-03-31T13:17:27.419Z] GET /api/notes
[2026-03-31T13:17:47.424Z] GET /api/notes
[2026-03-31T13:17:57.746Z] GET /api/notes/4fe0de43-a58f-4836-9ffc-d841488d8c47
[2026-03-31T13:18:25.346Z] POST /api/translate-note
[2026-03-31T13:19:26.615Z] POST /api/notes/4fe0de43-a58f-4836-9ffc-d841488d8c47/reset
[2026-03-31T13:20:55.275Z] GET /api/notes
[2026-03-31T13:31:16.776Z] GET /api/notes
[2026-03-31T13:31:55.750Z] GET /api/notes/4fe0de43-a58f-4836-9ffc-d841488d8c47
[2026-03-31T13:32:04.101Z] GET /api/notes
[2026-03-31T13:32:35.703Z] GET /api/me
[2026-03-31T13:32:39.592Z] PUT /api/me
[2026-03-31T13:32:42.172Z] PUT /api/me
[2026-03-31T13:33:06.023Z] PUT /api/me
[2026-03-31T13:33:16.693Z] PUT /api/me
[2026-03-31T13:33:20.397Z] PUT /api/me
[2026-03-31T13:33:26.516Z] GET /api/notes
[2026-03-31T13:33:37.124Z] GET /api/notes
[2026-03-31T13:34:53.339Z] GET /api/notes
[2026-03-31T13:35:34.336Z] GET /api/notes
[2026-03-31T13:35:40.760Z] GET /api/notes/4fe0de43-a58f-4836-9ffc-d841488d8c47
[2026-03-31T13:36:27.177Z] GET /api/notes
[2026-03-31T13:38:15.221Z] POST /api/generate-notes
[2026-03-31T13:38:53.253Z] POST /api/notes
